2017-11-08 16:09:57.681 [main] INFO  cn.sp.MySpringbootApplication - Starting MySpringbootApplication on UBOX-20170620BJ with PID 2280 (F:\test\my-springboot\target\classes started by lll in F:\test\my-springboot)
2017-11-08 16:09:57.688 [main] DEBUG cn.sp.MySpringbootApplication - Running with Spring Boot v1.5.8.RELEASE, Spring v4.3.12.RELEASE
2017-11-08 16:09:57.688 [main] INFO  cn.sp.MySpringbootApplication - No active profile set, falling back to default profiles: default
2017-11-08 16:09:57.882 [main] INFO  o.s.b.c.e.AnnotationConfigEmbeddedWebApplicationContext - Refreshing org.springframework.boot.context.embedded.AnnotationConfigEmbeddedWebApplicationContext@23f5b5dc: startup date [Wed Nov 08 16:09:57 CST 2017]; root of context hierarchy
2017-11-08 16:09:58.604 [background-preinit] DEBUG org.jboss.logging - Logging Provider: org.jboss.logging.Slf4jLoggerProvider found via system property
2017-11-08 16:09:58.607 [background-preinit] INFO  o.h.validator.internal.util.Version - HV000001: Hibernate Validator 5.3.5.Final
2017-11-08 16:09:58.643 [background-preinit] DEBUG o.h.v.i.e.r.DefaultTraversableResolver - Cannot find javax.persistence.Persistence on classpath. Assuming non JPA 2 environment. All properties will per default be traversable.
2017-11-08 16:09:59.260 [main] DEBUG o.m.s.mapper.ClassPathMapperScanner - Identified candidate component class: file [F:\test\my-springboot\target\classes\cn\sp\dao\PersonDao.class]
2017-11-08 16:09:59.260 [main] DEBUG o.m.s.mapper.ClassPathMapperScanner - Creating MapperFactoryBean with name 'personDao' and 'cn.sp.dao.PersonDao' mapperInterface
2017-11-08 16:09:59.261 [main] DEBUG o.m.s.mapper.ClassPathMapperScanner - Enabling autowire by type for MapperFactoryBean with name 'personDao'.
2017-11-08 16:09:59.566 [main] INFO  o.s.d.r.c.RepositoryConfigurationDelegate - Multiple Spring Data modules found, entering strict repository configuration mode!
2017-11-08 16:10:00.688 [main] DEBUG o.h.v.i.e.r.DefaultTraversableResolver - Cannot find javax.persistence.Persistence on classpath. Assuming non JPA 2 environment. All properties will per default be traversable.
2017-11-08 16:10:00.702 [main] DEBUG o.h.v.i.e.r.DefaultTraversableResolver - Cannot find javax.persistence.Persistence on classpath. Assuming non JPA 2 environment. All properties will per default be traversable.
2017-11-08 16:10:00.710 [main] DEBUG o.h.v.i.engine.ConfigurationImpl - Setting custom MessageInterpolator of type org.springframework.validation.beanvalidation.LocaleContextMessageInterpolator
2017-11-08 16:10:00.711 [main] DEBUG o.h.v.i.engine.ConfigurationImpl - Setting custom ConstraintValidatorFactory of type org.springframework.validation.beanvalidation.SpringConstraintValidatorFactory
2017-11-08 16:10:00.714 [main] DEBUG o.h.v.i.engine.ConfigurationImpl - Setting custom ParameterNameProvider of type com.sun.proxy.$Proxy51
2017-11-08 16:10:00.717 [main] DEBUG o.h.v.i.xml.ValidationXmlParser - Trying to load META-INF/validation.xml for XML based Validator configuration.
2017-11-08 16:10:00.719 [main] DEBUG o.h.v.i.xml.ResourceLoaderHelper - Trying to load META-INF/validation.xml via user class loader
2017-11-08 16:10:00.720 [main] DEBUG o.h.v.i.xml.ResourceLoaderHelper - Trying to load META-INF/validation.xml via TCCL
2017-11-08 16:10:00.721 [main] DEBUG o.h.v.i.xml.ResourceLoaderHelper - Trying to load META-INF/validation.xml via Hibernate Validator's class loader
2017-11-08 16:10:00.721 [main] DEBUG o.h.v.i.xml.ValidationXmlParser - No META-INF/validation.xml found. Using annotation based configuration only.
2017-11-08 16:10:01.330 [main] INFO  o.s.b.c.e.t.TomcatEmbeddedServletContainer - Tomcat initialized with port(s): 80 (http)
2017-11-08 16:10:01.350 [main] INFO  o.a.catalina.core.StandardService - Starting service [Tomcat]
2017-11-08 16:10:01.352 [main] INFO  o.a.catalina.core.StandardEngine - Starting Servlet Engine: Apache Tomcat/8.5.23
2017-11-08 16:10:01.512 [localhost-startStop-1] INFO  o.a.c.c.C.[Tomcat].[localhost].[/] - Initializing Spring embedded WebApplicationContext
2017-11-08 16:10:01.513 [localhost-startStop-1] INFO  o.s.web.context.ContextLoader - Root WebApplicationContext: initialization completed in 3631 ms
2017-11-08 16:10:01.797 [localhost-startStop-1] INFO  o.s.b.w.s.ServletRegistrationBean - Mapping servlet: 'dispatcherServlet' to [/]
2017-11-08 16:10:01.806 [localhost-startStop-1] INFO  o.s.b.w.s.FilterRegistrationBean - Mapping filter: 'characterEncodingFilter' to: [/*]
2017-11-08 16:10:01.807 [localhost-startStop-1] INFO  o.s.b.w.s.FilterRegistrationBean - Mapping filter: 'hiddenHttpMethodFilter' to: [/*]
2017-11-08 16:10:01.807 [localhost-startStop-1] INFO  o.s.b.w.s.FilterRegistrationBean - Mapping filter: 'httpPutFormContentFilter' to: [/*]
2017-11-08 16:10:01.808 [localhost-startStop-1] INFO  o.s.b.w.s.FilterRegistrationBean - Mapping filter: 'requestContextFilter' to: [/*]
2017-11-08 16:10:02.296 [main] DEBUG org.apache.ibatis.logging.LogFactory - Logging initialized using 'class org.apache.ibatis.logging.slf4j.Slf4jImpl' adapter.
2017-11-08 16:10:02.390 [main] DEBUG org.apache.ibatis.io.VFS - Using VFS adapter org.mybatis.spring.boot.autoconfigure.SpringBootVFS
2017-11-08 16:10:02.391 [main] DEBUG org.apache.ibatis.io.ResolverUtil - Checking to see if class cn.sp.entity.Person matches criteria [is assignable to Object]
2017-11-08 16:10:02.392 [main] DEBUG org.apache.ibatis.io.ResolverUtil - Checking to see if class cn.sp.entity.User matches criteria [is assignable to Object]
2017-11-08 16:10:02.394 [main] DEBUG o.m.spring.SqlSessionFactoryBean - Scanned package: 'cn.sp.entity' for aliases
2017-11-08 16:10:02.578 [main] DEBUG o.m.spring.SqlSessionFactoryBean - Parsed mapper file: 'file [F:\test\my-springboot\target\classes\cn\sp\mapper\PersonMapper.xml]'
2017-11-08 16:10:03.052 [main] DEBUG o.h.v.i.e.r.DefaultTraversableResolver - Cannot find javax.persistence.Persistence on classpath. Assuming non JPA 2 environment. All properties will per default be traversable.
2017-11-08 16:10:03.066 [main] DEBUG o.h.v.i.e.r.DefaultTraversableResolver - Cannot find javax.persistence.Persistence on classpath. Assuming non JPA 2 environment. All properties will per default be traversable.
2017-11-08 16:10:03.067 [main] DEBUG o.h.v.i.engine.ConfigurationImpl - Setting custom MessageInterpolator of type org.springframework.validation.beanvalidation.LocaleContextMessageInterpolator
2017-11-08 16:10:03.067 [main] DEBUG o.h.v.i.engine.ConfigurationImpl - Setting custom ConstraintValidatorFactory of type org.springframework.validation.beanvalidation.SpringConstraintValidatorFactory
2017-11-08 16:10:03.067 [main] DEBUG o.h.v.i.engine.ConfigurationImpl - Setting custom ParameterNameProvider of type com.sun.proxy.$Proxy51
2017-11-08 16:10:03.068 [main] DEBUG o.h.v.i.xml.ValidationXmlParser - Trying to load META-INF/validation.xml for XML based Validator configuration.
2017-11-08 16:10:03.068 [main] DEBUG o.h.v.i.xml.ResourceLoaderHelper - Trying to load META-INF/validation.xml via user class loader
2017-11-08 16:10:03.068 [main] DEBUG o.h.v.i.xml.ResourceLoaderHelper - Trying to load META-INF/validation.xml via TCCL
2017-11-08 16:10:03.068 [main] DEBUG o.h.v.i.xml.ResourceLoaderHelper - Trying to load META-INF/validation.xml via Hibernate Validator's class loader
2017-11-08 16:10:03.068 [main] DEBUG o.h.v.i.xml.ValidationXmlParser - No META-INF/validation.xml found. Using annotation based configuration only.
2017-11-08 16:10:03.419 [main] INFO  o.s.w.s.m.m.a.RequestMappingHandlerAdapter - Looking for @ControllerAdvice: org.springframework.boot.context.embedded.AnnotationConfigEmbeddedWebApplicationContext@23f5b5dc: startup date [Wed Nov 08 16:09:57 CST 2017]; root of context hierarchy
2017-11-08 16:10:03.526 [main] INFO  o.s.w.s.m.m.a.RequestMappingHandlerMapping - Mapped "{[/hello]}" onto public java.lang.String cn.sp.controller.HelloController.sayHello()
2017-11-08 16:10:03.532 [main] INFO  o.s.w.s.m.m.a.RequestMappingHandlerMapping - Mapped "{[/person/get],methods=[GET]}" onto public java.lang.String cn.sp.controller.PersonController.get()
2017-11-08 16:10:03.532 [main] INFO  o.s.w.s.m.m.a.RequestMappingHandlerMapping - Mapped "{[/person/test],methods=[GET]}" onto public java.lang.String cn.sp.controller.PersonController.test()
2017-11-08 16:10:03.532 [main] INFO  o.s.w.s.m.m.a.RequestMappingHandlerMapping - Mapped "{[/person/save],methods=[GET]}" onto public cn.sp.vo.IResult cn.sp.controller.PersonController.savePerson()
2017-11-08 16:10:03.535 [main] INFO  o.s.w.s.m.m.a.RequestMappingHandlerMapping - Mapped "{[/test/set],methods=[GET]}" onto public java.lang.String cn.sp.controller.TestController.set()
2017-11-08 16:10:03.535 [main] INFO  o.s.w.s.m.m.a.RequestMappingHandlerMapping - Mapped "{[/test/getUser],methods=[GET]}" onto public cn.sp.entity.User cn.sp.controller.TestController.getUser()
2017-11-08 16:10:03.536 [main] INFO  o.s.w.s.m.m.a.RequestMappingHandlerMapping - Mapped "{[/test/setUser],methods=[GET]}" onto public java.lang.String cn.sp.controller.TestController.setUser()
2017-11-08 16:10:03.540 [main] INFO  o.s.w.s.m.m.a.RequestMappingHandlerMapping - Mapped "{[/error]}" onto public org.springframework.http.ResponseEntity<java.util.Map<java.lang.String, java.lang.Object>> org.springframework.boot.autoconfigure.web.BasicErrorController.error(javax.servlet.http.HttpServletRequest)
2017-11-08 16:10:03.541 [main] INFO  o.s.w.s.m.m.a.RequestMappingHandlerMapping - Mapped "{[/error],produces=[text/html]}" onto public org.springframework.web.servlet.ModelAndView org.springframework.boot.autoconfigure.web.BasicErrorController.errorHtml(javax.servlet.http.HttpServletRequest,javax.servlet.http.HttpServletResponse)
2017-11-08 16:10:03.610 [main] INFO  o.s.w.s.h.SimpleUrlHandlerMapping - Mapped URL path [/webjars/**] onto handler of type [class org.springframework.web.servlet.resource.ResourceHttpRequestHandler]
2017-11-08 16:10:03.611 [main] INFO  o.s.w.s.h.SimpleUrlHandlerMapping - Mapped URL path [/**] onto handler of type [class org.springframework.web.servlet.resource.ResourceHttpRequestHandler]
2017-11-08 16:10:03.693 [main] INFO  o.s.w.s.h.SimpleUrlHandlerMapping - Mapped URL path [/**/favicon.ico] onto handler of type [class org.springframework.web.servlet.resource.ResourceHttpRequestHandler]
2017-11-08 16:10:04.394 [main] INFO  o.s.j.e.a.AnnotationMBeanExporter - Registering beans for JMX exposure on startup
2017-11-08 16:10:04.420 [main] INFO  o.a.coyote.http11.Http11NioProtocol - Initializing ProtocolHandler ["http-nio-80"]
2017-11-08 16:10:04.442 [main] INFO  o.a.coyote.http11.Http11NioProtocol - Starting ProtocolHandler ["http-nio-80"]
2017-11-08 16:10:04.476 [main] INFO  o.a.tomcat.util.net.NioSelectorPool - Using a shared selector for servlet write/read
2017-11-08 16:10:04.519 [main] INFO  o.s.b.c.e.t.TomcatEmbeddedServletContainer - Tomcat started on port(s): 80 (http)
2017-11-08 16:10:04.527 [main] INFO  cn.sp.MySpringbootApplication - Started MySpringbootApplication in 7.741 seconds (JVM running for 9.883)
